Dec 15 04:35:27 centos8.linuxvmimages.local systemd[1]: Starting My SystemD Service...
-- Subject: Unit myservice.service has begun start-up
-- Defined-By: systemd
-- Support: https://access.redhat.com/support
--
-- Unit myservice.service has begun starting up.
Dec 15 04:35:27 centos8.linuxvmimages.local myservice[179144]: Service 179144 is running...
Dec 15 04:35:27 centos8.linuxvmimages.local myservice[179144]: Service 179145 was forked succcessfully from service 179144
Dec 15 04:35:27 centos8.linuxvmimages.local myservice[179144]: Service 179144 notified READY=1
Dec 15 04:35:27 centos8.linuxvmimages.local myservice[179144]: Service 179145 notified READY=1
Dec 15 04:35:27 centos8.linuxvmimages.local systemd[1]: myservice.service: Got notification message from PID 179144, but reception only permitted for main PID which is currently not known
Dec 15 04:35:27 centos8.linuxvmimages.local systemd[1]: myservice.service: Got notification message from PID 179145, but reception only permitted for main PID which is currently not known
Dec 15 04:35:32 centos8.linuxvmimages.local myservice[179144]: Service 179144 notified WATCHDOG=1
Dec 15 04:35:32 centos8.linuxvmimages.local myservice[179144]: Service 179145 notified WATCHDOG=1
Dec 15 04:35:32 centos8.linuxvmimages.local systemd[1]: myservice.service: Got notification message from PID 179144, but reception only permitted for main PID which is currently not known
Dec 15 04:35:32 centos8.linuxvmimages.local systemd[1]: myservice.service: Got notification message from PID 179145, but reception only permitted for main PID which is currently not known
Dec 15 04:35:37 centos8.linuxvmimages.local myservice[179144]: Service 179144 notified WATCHDOG=1
Dec 15 04:35:37 centos8.linuxvmimages.local myservice[179144]: Service 179145 notified WATCHDOG=1
Dec 15 04:35:37 centos8.linuxvmimages.local systemd[1]: myservice.service: Got notification message from PID 179144, but reception only permitted for main PID which is currently not known
Dec 15 04:35:37 centos8.linuxvmimages.local systemd[1]: myservice.service: Got notification message from PID 179145, but reception only permitted for main PID which is currently not known
Dec 15 04:35:42 centos8.linuxvmimages.local myservice[179144]: Service 179144 notified WATCHDOG=1
Dec 15 04:35:42 centos8.linuxvmimages.local myservice[179144]: Service 179145 notified WATCHDOG=1
Dec 15 04:35:42 centos8.linuxvmimages.local systemd[1]: myservice.service: Got notification message from PID 179144, but reception only permitted for main PID which is currently not known
Dec 15 04:35:42 centos8.linuxvmimages.local systemd[1]: myservice.service: Got notification message from PID 179145, but reception only permitted for main PID which is currently not known
Dec 15 04:35:47 centos8.linuxvmimages.local myservice[179144]: Service 179144 notified WATCHDOG=1
Dec 15 04:35:47 centos8.linuxvmimages.local myservice[179144]: Service 179145 notified WATCHDOG=1
Dec 15 04:35:47 centos8.linuxvmimages.local systemd[1]: myservice.service: Got notification message from PID 179144, but reception only permitted for main PID which is currently not known
Dec 15 04:35:47 centos8.linuxvmimages.local systemd[1]: myservice.service: Succeeded.
-- Subject: Unit succeeded
-- Defined-By: systemd
-- Support: https://access.redhat.com/support
--
-- The unit myservice.service has successfully entered the 'dead' state.
Dec 15 04:35:47 centos8.linuxvmimages.local systemd[1]: Started My SystemD Service.
-- Subject: Unit myservice.service has finished start-up
-- Defined-By: systemd
-- Support: https://access.redhat.com/support
--
-- Unit myservice.service has finished starting up.
--
-- The start-up result is done